0 info it worked if it ends with ok
1 verbose cli [ '/Users/viljami/.nvm/versions/node/v5.12.0/bin/node',
1 verbose cli   '/Users/viljami/.nvm/versions/node/v5.12.0/bin/npm',
1 verbose cli   'start' ]
2 info using npm@3.10.8
3 info using node@v5.12.0
4 verbose run-script [ 'prestart', 'start', 'poststart' ]
5 info lifecycle lunchbob@1.0.0~prestart: lunchbob@1.0.0
6 silly lifecycle lunchbob@1.0.0~prestart: no script for prestart, continuing
7 info lifecycle lunchbob@1.0.0~start: lunchbob@1.0.0
8 verbose lifecycle lunchbob@1.0.0~start: unsafe-perm in lifecycle true
9 verbose lifecycle lunchbob@1.0.0~start: PATH: /Users/viljami/.nvm/versions/node/v5.12.0/lib/node_modules/npm/bin/node-gyp-bin:/Users/viljami/Documents/projects/derp/lunchbob/node_modules/.bin:/Users/viljami/.nvm/versions/node/v5.12.0/bin:/usr/local/bin:/usr/bin:/bin:/usr/sbin:/sbin:/usr/local/go/bin:/Users/viljami/n/bin:/Users/viljami/Documents/projects/go//bin:/Users/viljami/Library/Android/sdk//tools:/Users/viljami/Library/Android/sdk//platform-tools
10 verbose lifecycle lunchbob@1.0.0~start: CWD: /Users/viljami/Documents/projects/derp/lunchbob
11 silly lifecycle lunchbob@1.0.0~start: Args: [ '-c', 'babel-node index.js --presets es2015,stage-2' ]
12 silly lifecycle lunchbob@1.0.0~start: Returned: code: 1  signal: null
13 info lifecycle lunchbob@1.0.0~start: Failed to exec start script
14 verbose stack Error: lunchbob@1.0.0 start: `babel-node index.js --presets es2015,stage-2`
14 verbose stack Exit status 1
14 verbose stack     at EventEmitter.<anonymous> (/Users/viljami/.nvm/versions/node/v5.12.0/lib/node_modules/npm/lib/utils/lifecycle.js:255:16)
14 verbose stack     at emitTwo (events.js:100:13)
14 verbose stack     at EventEmitter.emit (events.js:185:7)
14 verbose stack     at ChildProcess.<anonymous> (/Users/viljami/.nvm/versions/node/v5.12.0/lib/node_modules/npm/lib/utils/spawn.js:40:14)
14 verbose stack     at emitTwo (events.js:100:13)
14 verbose stack     at ChildProcess.emit (events.js:185:7)
14 verbose stack     at maybeClose (internal/child_process.js:850:16)
14 verbose stack     at Process.ChildProcess._handle.onexit (internal/child_process.js:215:5)
15 verbose pkgid lunchbob@1.0.0
16 verbose cwd /Users/viljami/Documents/projects/derp/lunchbob
17 error Darwin 16.1.0
18 error argv "/Users/viljami/.nvm/versions/node/v5.12.0/bin/node" "/Users/viljami/.nvm/versions/node/v5.12.0/bin/npm" "start"
19 error node v5.12.0
20 error npm  v3.10.8
21 error code ELIFECYCLE
22 error lunchbob@1.0.0 start: `babel-node index.js --presets es2015,stage-2`
22 error Exit status 1
23 error Failed at the lunchbob@1.0.0 start script 'babel-node index.js --presets es2015,stage-2'.
23 error Make sure you have the latest version of node.js and npm installed.
23 error If you do, this is most likely a problem with the lunchbob package,
23 error not with npm itself.
23 error Tell the author that this fails on your system:
23 error     babel-node index.js --presets es2015,stage-2
23 error You can get information on how to open an issue for this project with:
23 error     npm bugs lunchbob
23 error Or if that isn't available, you can get their info via:
23 error     npm owner ls lunchbob
23 error There is likely additional logging output above.
24 verbose exit [ 1, true ]
